# JRE version: Java(TM) SE Runtime Environment (8.0_111-b14) (build 1.8.0_111-b14)
# Java VM: Java HotSpot(TM) 64-Bit Server VM (25.111-b14 mixed mode windows-amd64 compressed oops)
Heap:
 PSYoungGen      total 228352K, used 171698K [0x00000000e0000000, 0x00000000f0680000, 0x0000000100000000)
  eden space 199680K, 81% used [0x00000000e0000000,0x00000000e9ebccf0,0x00000000ec300000)
  from space 28672K, 31% used [0x00000000ede80000,0x00000000ee76fe18,0x00000000efa80000)
  to   space 28160K, 0% used [0x00000000ec300000,0x00000000ec300000,0x00000000ede80000)
 ParOldGen       total 182784K, used 52162K [0x00000000a0000000, 0x00000000ab280000, 0x00000000e0000000)
  object space 182784K, 28% used [0x00000000a0000000,0x00000000a32f0810,0x00000000ab280000)
 Metaspace       used 94617K, capacity 98594K, committed 99416K, reserved 1134592K
  class space    used 12439K, capacity 13251K, committed 13440K, reserved 1048576K
GC Heap History (10 events):
Event: 5752.641 GC heap before
{Heap before GC invocations=20 (full 3):
 PSYoungGen      total 236032K, used 232642K [0x00000000e0000000, 0x00000000f0680000, 0x0000000100000000)
  eden space 221696K, 100% used [0x00000000e0000000,0x00000000ed880000,0x00000000ed880000)
  from space 14336K, 76% used [0x00000000ef880000,0x00000000f0330a98,0x00000000f0680000)
  to   space 23552K, 0% used [0x00000000ed880000,0x00000000ed880000,0x00000000eef80000)
 ParOldGen       total 121856K, used 59139K [0x00000000a0000000, 0x00000000a7700000, 0x00000000e0000000)
  object space 121856K, 48% used [0x00000000a0000000,0x00000000a39c0f88,0x00000000a7700000)
 Metaspace       used 83180K, capacity 86962K, committed 87000K, reserved 1124352K
  class space    used 10949K, capacity 11765K, committed 11776K, reserved 1048576K
Event: 5752.688 GC heap after
Heap after GC invocations=20 (full 3):
 PSYoungGen      total 228352K, used 14086K [0x00000000e0000000, 0x00000000efe00000, 0x0000000100000000)
  eden space 214016K, 0% used [0x00000000e0000000,0x00000000e0000000,0x00000000ed100000)
  from space 14336K, 98% used [0x00000000ed880000,0x00000000ee641af8,0x00000000ee680000)
  to   space 23040K, 0% used [0x00000000ee780000,0x00000000ee780000,0x00000000efe00000)
 ParOldGen       total 121856K, used 59147K [0x00000000a0000000, 0x00000000a7700000, 0x00000000e0000000)
  object space 121856K, 48% used [0x00000000a0000000,0x00000000a39c2f88,0x00000000a7700000)
 Metaspace       used 83180K, capacity 86962K, committed 87000K, reserved 1124352K
  class space    used 10949K, capacity 11765K, committed 11776K, reserved 1048576K
}
Event: 5777.787 GC heap before
{Heap before GC invocations=21 (full 3):
 PSYoungGen      total 228352K, used 228102K [0x00000000e0000000, 0x00000000efe00000, 0x0000000100000000)
  eden space 214016K, 100% used [0x00000000e0000000,0x00000000ed100000,0x00000000ed100000)
  from space 14336K, 98% used [0x00000000ed880000,0x00000000ee641af8,0x00000000ee680000)
  to   space 23040K, 0% used [0x00000000ee780000,0x00000000ee780000,0x00000000efe00000)
 ParOldGen       total 121856K, used 59147K [0x00000000a0000000, 0x00000000a7700000, 0x00000000e0000000)
  object space 121856K, 48% used [0x00000000a0000000,0x00000000a39c2f88,0x00000000a7700000)
 Metaspace       used 90581K, capacity 94808K, committed 94936K, reserved 1130496K
  class space    used 12036K, capacity 12940K, committed 13056K, reserved 1048576K
Event: 5777.839 GC heap after
Heap after GC invocations=21 (full 3):
 PSYoungGen      total 229376K, used 23037K [0x00000000e0000000, 0x00000000f0180000, 0x0000000100000000)
  eden space 206336K, 0% used [0x00000000e0000000,0x00000000e0000000,0x00000000ec980000)
  from space 23040K, 99% used [0x00000000ee780000,0x00000000efdff7b0,0x00000000efe00000)
  to   space 28672K, 0% used [0x00000000ec980000,0x00000000ec980000,0x00000000ee580000)
 ParOldGen       total 121856K, used 65220K [0x00000000a0000000, 0x00000000a7700000, 0x00000000e0000000)
  object space 121856K, 53% used [0x00000000a0000000,0x00000000a3fb11a8,0x00000000a7700000)
 Metaspace       used 90581K, capacity 94808K, committed 94936K, reserved 1130496K
  class space    used 12036K, capacity 12940K, committed 13056K, reserved 1048576K
}
Event: 5781.394 GC heap before
{Heap before GC invocations=22 (full 3):
 PSYoungGen      total 229376K, used 111092K [0x00000000e0000000, 0x00000000f0180000, 0x0000000100000000)
  eden space 206336K, 42% used [0x00000000e0000000,0x00000000e55fda08,0x00000000ec980000)
  from space 23040K, 99% used [0x00000000ee780000,0x00000000efdff7b0,0x00000000efe00000)
  to   space 28672K, 0% used [0x00000000ec980000,0x00000000ec980000,0x00000000ee580000)
 ParOldGen       total 121856K, used 65220K [0x00000000a0000000, 0x00000000a7700000, 0x00000000e0000000)
  object space 121856K, 53% used [0x00000000a0000000,0x00000000a3fb11a8,0x00000000a7700000)
 Metaspace       used 93697K, capacity 98134K, committed 98280K, reserved 1134592K
  class space    used 12416K, capacity 13341K, committed 13440K, reserved 1048576K
Event: 5781.467 GC heap after
Heap after GC invocations=22 (full 3):
 PSYoungGen      total 217600K, used 17963K [0x00000000e0000000, 0x00000000efa80000, 0x0000000100000000)
  eden space 199168K, 0% used [0x00000000e0000000,0x00000000e0000000,0x00000000ec280000)
  from space 18432K, 97% used [0x00000000ec980000,0x00000000edb0aee0,0x00000000edb80000)
  to   space 28672K, 0% used [0x00000000ede80000,0x00000000ede80000,0x00000000efa80000)
 ParOldGen       total 121856K, used 69706K [0x00000000a0000000, 0x00000000a7700000, 0x00000000e0000000)
  object space 121856K, 57% used [0x00000000a0000000,0x00000000a4412bb8,0x00000000a7700000)
 Metaspace       used 93697K, capacity 98134K, committed 98280K, reserved 1134592K
  class space    used 12416K, capacity 13341K, committed 13440K, reserved 1048576K
}
Event: 5781.467 GC heap before
{Heap before GC invocations=23 (full 4):
 PSYoungGen      total 217600K, used 17963K [0x00000000e0000000, 0x00000000efa80000, 0x0000000100000000)
  eden space 199168K, 0% used [0x00000000e0000000,0x00000000e0000000,0x00000000ec280000)
  from space 18432K, 97% used [0x00000000ec980000,0x00000000edb0aee0,0x00000000edb80000)
  to   space 28672K, 0% used [0x00000000ede80000,0x00000000ede80000,0x00000000efa80000)
 ParOldGen       total 121856K, used 69706K [0x00000000a0000000, 0x00000000a7700000, 0x00000000e0000000)
  object space 121856K, 57% used [0x00000000a0000000,0x00000000a4412bb8,0x00000000a7700000)
 Metaspace       used 93697K, capacity 98134K, committed 98280K, reserved 1134592K
  class space    used 12416K, capacity 13341K, committed 13440K, reserved 1048576K
Event: 5781.966 GC heap after
Heap after GC invocations=23 (full 4):
 PSYoungGen      total 217600K, used 0K [0x00000000e0000000, 0x00000000efa80000, 0x0000000100000000)
  eden space 199168K, 0% used [0x00000000e0000000,0x00000000e0000000,0x00000000ec280000)
  from space 18432K, 0% used [0x00000000ec980000,0x00000000ec980000,0x00000000edb80000)
  to   space 28672K, 0% used [0x00000000ede80000,0x00000000ede80000,0x00000000efa80000)
 ParOldGen       total 182784K, used 52154K [0x00000000a0000000, 0x00000000ab280000, 0x00000000e0000000)
  object space 182784K, 28% used [0x00000000a0000000,0x00000000a32ee810,0x00000000ab280000)
 Metaspace       used 92491K, capacity 95874K, committed 98280K, reserved 1134592K
  class space    used 12172K, capacity 12881K, committed 13440K, reserved 1048576K
}
Event: 5884.840 GC heap before
{Heap before GC invocations=24 (full 4):
 PSYoungGen      total 217600K, used 199168K [0x00000000e0000000, 0x00000000efa80000, 0x0000000100000000)
  eden space 199168K, 100% used [0x00000000e0000000,0x00000000ec280000,0x00000000ec280000)
  from space 18432K, 0% used [0x00000000ec980000,0x00000000ec980000,0x00000000edb80000)
  to   space 28672K, 0% used [0x00000000ede80000,0x00000000ede80000,0x00000000efa80000)
 ParOldGen       total 182784K, used 52154K [0x00000000a0000000, 0x00000000ab280000, 0x00000000e0000000)
  object space 182784K, 28% used [0x00000000a0000000,0x00000000a32ee810,0x00000000ab280000)
 Metaspace       used 94225K, capacity 98108K, committed 99048K, reserved 1134592K
  class space    used 12416K, capacity 13234K, committed 13440K, reserved 1048576K
Event: 5884.862 GC heap after
Heap after GC invocations=24 (full 4):
 PSYoungGen      total 228352K, used 9151K [0x00000000e0000000, 0x00000000f0680000, 0x0000000100000000)
  eden space 199680K, 0% used [0x00000000e0000000,0x00000000e0000000,0x00000000ec300000)
  from space 28672K, 31% used [0x00000000ede80000,0x00000000ee76fe18,0x00000000efa80000)
  to   space 28160K, 0% used [0x00000000ec300000,0x00000000ec300000,0x00000000ede80000)
 ParOldGen       total 182784K, used 52162K [0x00000000a0000000, 0x00000000ab280000, 0x00000000e0000000)
  object space 182784K, 28% used [0x00000000a0000000,0x00000000a32f0810,0x00000000ab280000)
 Metaspace       used 94225K, capacity 98108K, committed 99048K, reserved 1134592K
  class space    used 12416K, capacity 13234K, committed 13440K, reserved 1048576K
}

